生成启动时间为 2021/5/7 16:43:09。
     1>项目“E:\Rocket_class\rocket_class\2021_5_7\2021_5_7\2021_5_7.vcxproj”在节点 2 上(Build 个目标)。
     1>ClCompile:
         C:\vs2013\VC\bin\CL.exe /c /ZI /nologo /W3 /WX- /sdl /Od /Oy- /D _MBCS /Gm /EHsc /RTC1 /MDd /GS /fp:precise /Zc:wchar_t /Zc:forScope /Fo"Debug\\" /Fd"Debug\vc120.pdb" /Gd /TC /analyze- /errorReport:prompt SeqList.c test.c
         test.c
     1>e:\rocket_class\rocket_class\2021_5_7\2021_5_7\test.c(6): warning C4047: “函数”:“SeqList *”与“SeqList **”的间接级别不同
     1>e:\rocket_class\rocket_class\2021_5_7\2021_5_7\test.c(6): warning C4024: “SeqListInit”: 形参和实参 1 的类型不同
     1>e:\rocket_class\rocket_class\2021_5_7\2021_5_7\test.c(7): warning C4047: “函数”:“SeqList *”与“SeqList **”的间接级别不同
     1>e:\rocket_class\rocket_class\2021_5_7\2021_5_7\test.c(7): warning C4024: “SeqListPushBack”: 形参和实参 1 的类型不同
     1>e:\rocket_class\rocket_class\2021_5_7\2021_5_7\test.c(8): warning C4047: “函数”:“SeqList *”与“SeqList **”的间接级别不同
     1>e:\rocket_class\rocket_class\2021_5_7\2021_5_7\test.c(8): warning C4024: “SeqListPushBack”: 形参和实参 1 的类型不同
     1>e:\rocket_class\rocket_class\2021_5_7\2021_5_7\test.c(9): warning C4047: “函数”:“SeqList *”与“SeqList **”的间接级别不同
     1>e:\rocket_class\rocket_class\2021_5_7\2021_5_7\test.c(9): warning C4024: “SeqListPushBack”: 形参和实参 1 的类型不同
     1>e:\rocket_class\rocket_class\2021_5_7\2021_5_7\test.c(10): warning C4047: “函数”:“SeqList *”与“SeqList **”的间接级别不同
     1>e:\rocket_class\rocket_class\2021_5_7\2021_5_7\test.c(10): warning C4024: “SeqListPushBack”: 形参和实参 1 的类型不同
     1>e:\rocket_class\rocket_class\2021_5_7\2021_5_7\test.c(11): warning C4047: “函数”:“SeqList *”与“SeqList **”的间接级别不同
     1>e:\rocket_class\rocket_class\2021_5_7\2021_5_7\test.c(11): warning C4024: “SeqListPrint”: 形参和实参 1 的类型不同
     1>e:\rocket_class\rocket_class\2021_5_7\2021_5_7\test.c(12): warning C4047: “函数”:“SeqList *”与“SeqList **”的间接级别不同
     1>e:\rocket_class\rocket_class\2021_5_7\2021_5_7\test.c(12): warning C4024: “SeqListDestroy”: 形参和实参 1 的类型不同
         SeqList.c
     1>e:\rocket_class\rocket_class\2021_5_7\2021_5_7\seqlist.c(6): warning C4013: “malloc”未定义；假设外部返回 int
     1>e:\rocket_class\rocket_class\2021_5_7\2021_5_7\seqlist.c(15): warning C4013: “free”未定义；假设外部返回 int
     1>e:\rocket_class\rocket_class\2021_5_7\2021_5_7\seqlist.c(25): warning C4018: “<”: 有符号/无符号不匹配
     1>e:\rocket_class\rocket_class\2021_5_7\2021_5_7\seqlist.c(37): warning C4013: “realloc”未定义；假设外部返回 int
         正在生成代码...
       Link:
         C:\vs2013\VC\bin\link.exe /ERRORREPORT:PROMPT /OUT:"E:\Rocket_class\rocket_class\2021_5_7\Debug\2021_5_7.exe" /INCREMENTAL /NOLOGO kernel32.lib user32.lib gdi32.lib winspool.lib comdlg32.lib advapi32.lib shell32.lib ole32.lib oleaut32.lib uuid.lib odbc32.lib odbccp32.lib /MANIFEST /MANIFESTUAC:"level='asInvoker' uiAccess='false'" /manifest:embed /DEBUG /PDB:"E:\Rocket_class\rocket_class\2021_5_7\Debug\2021_5_7.pdb" /SUBSYSTEM:CONSOLE /TLBID:1 /DYNAMICBASE /NXCOMPAT /IMPLIB:"E:\Rocket_class\rocket_class\2021_5_7\Debug\2021_5_7.lib" /MACHINE:X86 Debug\SeqList.obj
         Debug\test.obj
         2021_5_7.vcxproj -> E:\Rocket_class\rocket_class\2021_5_7\Debug\2021_5_7.exe
     1>已完成生成项目“E:\Rocket_class\rocket_class\2021_5_7\2021_5_7\2021_5_7.vcxproj”(Build 个目标)的操作。

生成成功。

已用时间 00:00:01.88
