e:\rocket_class\rocket_class\heap_array\heap_array\debug\vc120.pdb
e:\rocket_class\rocket_class\heap_array\heap_array\debug\vc120.idb
e:\rocket_class\rocket_class\heap_array\heap_array\debug\heap.obj
e:\rocket_class\rocket_class\heap_array\heap_array\debug\test.obj
e:\rocket_class\rocket_class\heap_array\heap_array\debug\binarytree.obj
e:\rocket_class\rocket_class\heap_array\debug\heap_array.pdb
e:\rocket_class\rocket_class\heap_array\heap_array\debug\heap_array.tlog\cl.command.1.tlog
e:\rocket_class\rocket_class\heap_array\heap_array\debug\heap_array.tlog\cl.read.1.tlog
e:\rocket_class\rocket_class\heap_array\heap_array\debug\heap_array.tlog\cl.write.1.tlog
e:\rocket_class\rocket_class\heap_array\heap_array\debug\heap_array.tlog\link-cvtres.read.1.tlog
e:\rocket_class\rocket_class\heap_array\heap_array\debug\heap_array.tlog\link-cvtres.write.1.tlog
e:\rocket_class\rocket_class\heap_array\heap_array\debug\heap_array.tlog\link-rc.read.1.tlog
e:\rocket_class\rocket_class\heap_array\heap_array\debug\heap_array.tlog\link-rc.write.1.tlog
e:\rocket_class\rocket_class\heap_array\heap_array\debug\heap_array.tlog\link.13124-cvtres.read.1.tlog
e:\rocket_class\rocket_class\heap_array\heap_array\debug\heap_array.tlog\link.13124-cvtres.write.1.tlog
e:\rocket_class\rocket_class\heap_array\heap_array\debug\heap_array.tlog\link.13124-rc.read.1.tlog
e:\rocket_class\rocket_class\heap_array\heap_array\debug\heap_array.tlog\link.13124-rc.write.1.tlog
e:\rocket_class\rocket_class\heap_array\heap_array\debug\heap_array.tlog\link.13124.read.1.tlog
e:\rocket_class\rocket_class\heap_array\heap_array\debug\heap_array.tlog\link.13124.write.1.tlog
e:\rocket_class\rocket_class\heap_array\heap_array\debug\heap_array.tlog\link.command.1.tlog
e:\rocket_class\rocket_class\heap_array\heap_array\debug\heap_array.tlog\link.read.1.tlog
e:\rocket_class\rocket_class\heap_array\heap_array\debug\heap_array.tlog\link.write.1.tlog
